Started GET "/" for ::1 at 2016-04-10 21:53:00 -0300
Processing by Rails::WelcomeController#index as HTML
  Parameters: {"internal"=>true}
  Rendered /Users/itsbriany/.rvm/gems/ruby-2.3.0/gems/railties-5.0.0.beta3/lib/rails/templates/rails/welcome/index.html.erb (5.9ms)
Completed 200 OK in 16ms (Views: 12.9ms | ActiveRecord: 0.0ms)


Started GET "/" for ::1 at 2016-04-10 21:53:00 -0300
Processing by Rails::WelcomeController#index as HTML
  Parameters: {"internal"=>true}
  Rendered /Users/itsbriany/.rvm/gems/ruby-2.3.0/gems/railties-5.0.0.beta3/lib/rails/templates/rails/welcome/index.html.erb (3.4ms)
Completed 200 OK in 9ms (Views: 6.2ms | ActiveRecord: 0.0ms)


Started GET "/api" for ::1 at 2016-04-10 21:53:31 -0300
  
ActionController::RoutingError (No route matches [GET] "/api"):
  
actionpack (5.0.0.beta3) lib/action_dispatch/middleware/debug_exceptions.rb:53:in `call'
actionpack (5.0.0.beta3) lib/action_dispatch/middleware/show_exceptions.rb:31:in `call'
railties (5.0.0.beta3) lib/rails/rack/logger.rb:36:in `call_app'
railties (5.0.0.beta3) lib/rails/rack/logger.rb:24:in `block in call'
activesupport (5.0.0.beta3) lib/active_support/tagged_logging.rb:70:in `block in tagged'
activesupport (5.0.0.beta3) lib/active_support/tagged_logging.rb:26:in `tagged'
activesupport (5.0.0.beta3) lib/active_support/tagged_logging.rb:70:in `tagged'
railties (5.0.0.beta3) lib/rails/rack/logger.rb:24:in `call'
actionpack (5.0.0.beta3) lib/action_dispatch/middleware/request_id.rb:24:in `call'
rack (2.0.0.alpha) lib/rack/runtime.rb:22:in `call'
activesupport (5.0.0.beta3) lib/active_support/cache/strategy/local_cache_middleware.rb:28:in `call'
actionpack (5.0.0.beta3) lib/action_dispatch/middleware/load_interlock.rb:13:in `call'
actionpack (5.0.0.beta3) lib/action_dispatch/middleware/static.rb:136:in `call'
rack (2.0.0.alpha) lib/rack/sendfile.rb:111:in `call'
railties (5.0.0.beta3) lib/rails/engine.rb:522:in `call'
puma (3.4.0) lib/puma/configuration.rb:224:in `call'
puma (3.4.0) lib/puma/server.rb:569:in `handle_request'
puma (3.4.0) lib/puma/server.rb:406:in `process_client'
puma (3.4.0) lib/puma/server.rb:271:in `block in run'
puma (3.4.0) lib/puma/thread_pool.rb:114:in `block in spawn_thread'
Started GET "/api" for ::1 at 2016-04-10 21:54:28 -0300
  
ArgumentError (Missing :controller key on routes definition, please check your routes.):
  
config/routes.rb:6:in `block in <top (required)>'
config/routes.rb:1:in `<top (required)>'
Started GET "/" for ::1 at 2016-04-10 21:55:56 -0300
  
ActionController::RoutingError (No route matches [GET] "/"):
  
actionpack (5.0.0.beta3) lib/action_dispatch/middleware/debug_exceptions.rb:53:in `call'
actionpack (5.0.0.beta3) lib/action_dispatch/middleware/show_exceptions.rb:31:in `call'
railties (5.0.0.beta3) lib/rails/rack/logger.rb:36:in `call_app'
railties (5.0.0.beta3) lib/rails/rack/logger.rb:24:in `block in call'
activesupport (5.0.0.beta3) lib/active_support/tagged_logging.rb:70:in `block in tagged'
activesupport (5.0.0.beta3) lib/active_support/tagged_logging.rb:26:in `tagged'
activesupport (5.0.0.beta3) lib/active_support/tagged_logging.rb:70:in `tagged'
railties (5.0.0.beta3) lib/rails/rack/logger.rb:24:in `call'
actionpack (5.0.0.beta3) lib/action_dispatch/middleware/request_id.rb:24:in `call'
rack (2.0.0.alpha) lib/rack/runtime.rb:22:in `call'
activesupport (5.0.0.beta3) lib/active_support/cache/strategy/local_cache_middleware.rb:28:in `call'
actionpack (5.0.0.beta3) lib/action_dispatch/middleware/load_interlock.rb:13:in `call'
actionpack (5.0.0.beta3) lib/action_dispatch/middleware/static.rb:136:in `call'
rack (2.0.0.alpha) lib/rack/sendfile.rb:111:in `call'
railties (5.0.0.beta3) lib/rails/engine.rb:522:in `call'
puma (3.4.0) lib/puma/configuration.rb:224:in `call'
puma (3.4.0) lib/puma/server.rb:569:in `handle_request'
puma (3.4.0) lib/puma/server.rb:406:in `process_client'
puma (3.4.0) lib/puma/server.rb:271:in `block in run'
puma (3.4.0) lib/puma/thread_pool.rb:114:in `block in spawn_thread'
Started GET "/" for ::1 at 2016-04-10 21:56:02 -0300
Processing by Rails::WelcomeController#index as HTML
  Parameters: {"internal"=>true}
  Rendered /Users/itsbriany/.rvm/gems/ruby-2.3.0/gems/railties-5.0.0.beta3/lib/rails/templates/rails/welcome/index.html.erb (3.3ms)
Completed 200 OK in 9ms (Views: 7.5ms | ActiveRecord: 0.0ms)


Started GET "/api" for ::1 at 2016-04-10 21:59:45 -0300
Processing by ApiController#index as HTML
Completed 500 Internal Server Error in 2ms (ActiveRecord: 0.0ms)


  
ActionView::MissingTemplate (Missing template api/index, application/index with {:locale=>[:en], :formats=>[:html], :variants=>[], :handlers=>[:raw, :erb, :html, :builder, :ruby, :jbuilder]}. Searched in:
):
  
app/controllers/api_controller.rb:5:in `index'
Started GET "/api" for ::1 at 2016-04-10 22:00:06 -0300
Processing by ApiController#index as HTML
Completed 500 Internal Server Error in 5ms (ActiveRecord: 0.0ms)


  
ActionView::MissingTemplate (Missing template api/index, application/index with {:locale=>[:en], :formats=>[:html], :variants=>[], :handlers=>[:raw, :erb, :html, :builder, :ruby, :jbuilder]}. Searched in:
):
  
app/controllers/api_controller.rb:5:in `index'
Started GET "/api_index" for ::1 at 2016-04-10 22:00:42 -0300
  
ActionController::RoutingError (No route matches [GET] "/api_index"):
  
actionpack (5.0.0.beta3) lib/action_dispatch/middleware/debug_exceptions.rb:53:in `call'
actionpack (5.0.0.beta3) lib/action_dispatch/middleware/show_exceptions.rb:31:in `call'
railties (5.0.0.beta3) lib/rails/rack/logger.rb:36:in `call_app'
railties (5.0.0.beta3) lib/rails/rack/logger.rb:24:in `block in call'
activesupport (5.0.0.beta3) lib/active_support/tagged_logging.rb:70:in `block in tagged'
activesupport (5.0.0.beta3) lib/active_support/tagged_logging.rb:26:in `tagged'
activesupport (5.0.0.beta3) lib/active_support/tagged_logging.rb:70:in `tagged'
railties (5.0.0.beta3) lib/rails/rack/logger.rb:24:in `call'
actionpack (5.0.0.beta3) lib/action_dispatch/middleware/request_id.rb:24:in `call'
rack (2.0.0.alpha) lib/rack/runtime.rb:22:in `call'
activesupport (5.0.0.beta3) lib/active_support/cache/strategy/local_cache_middleware.rb:28:in `call'
actionpack (5.0.0.beta3) lib/action_dispatch/middleware/load_interlock.rb:13:in `call'
actionpack (5.0.0.beta3) lib/action_dispatch/middleware/static.rb:136:in `call'
rack (2.0.0.alpha) lib/rack/sendfile.rb:111:in `call'
railties (5.0.0.beta3) lib/rails/engine.rb:522:in `call'
puma (3.4.0) lib/puma/configuration.rb:224:in `call'
puma (3.4.0) lib/puma/server.rb:569:in `handle_request'
puma (3.4.0) lib/puma/server.rb:406:in `process_client'
puma (3.4.0) lib/puma/server.rb:271:in `block in run'
puma (3.4.0) lib/puma/thread_pool.rb:114:in `block in spawn_thread'
  [1m[35m (0.8ms)[0m  [1m[35mCREATE TABLE "schema_migrations" ("version" varchar PRIMARY KEY) [0m
  [1m[35m (0.6ms)[0m  [1m[35mCREATE TABLE "ar_internal_metadata" ("key" varchar PRIMARY KEY, "value" varchar, "created_at" datetime NOT NULL, "updated_at" datetime NOT NULL) [0m
  [1m[36mActiveRecord::InternalMetadata Load (0.2ms)[0m  [1m[34mSELECT  "ar_internal_metadata".* FROM "ar_internal_metadata" ORDER BY "ar_internal_metadata"."key" ASC LIMIT ?[0m  [["LIMIT", 1]]
  [1m[35m (0.1ms)[0m  [1m[36mbegin transaction[0m
  [1m[35mSQL (0.3ms)[0m  [1m[32mINSERT INTO "ar_internal_metadata" ("key", "value", "created_at", "updated_at") VALUES (?, ?, ?, ?)[0m  [["key", "environment"], ["value", "development"], ["created_at", 2016-04-11 01:01:02 UTC], ["updated_at", 2016-04-11 01:01:02 UTC]]
  [1m[35m (0.5ms)[0m  [1m[36mcommit transaction[0m
  [1m[36mActiveRecord::SchemaMigration Load (0.1ms)[0m  [1m[34mSELECT "schema_migrations".* FROM "schema_migrations"[0m
  [1m[36mActiveRecord::SchemaMigration Load (0.1ms)[0m  [1m[34mSELECT "schema_migrations".* FROM "schema_migrations"[0m
Started GET "/api" for ::1 at 2016-04-10 22:07:05 -0300
Processing by ApiController#index as HTML
Completed 500 Internal Server Error in 1ms (ActiveRecord: 0.0ms)


  
ActionView::MissingTemplate (Missing template api/index, application/index with {:locale=>[:en], :formats=>[:html], :variants=>[], :handlers=>[:raw, :erb, :html, :builder, :ruby, :jbuilder]}. Searched in:
):
  
app/controllers/api_controller.rb:5:in `index'
Started GET "/api" for ::1 at 2016-04-10 22:09:21 -0300
Processing by ApiController#index as HTML
DEPRECATION WARNING: `:nothing` option is deprecated and will be removed in Rails 5.1. Use `head` method to respond with empty response body. (called from index at /Users/itsbriany/Documents/School/Cloud Computing/Assignment 6/SimpleResponseCycleWebService/LoadBalancing/app/controllers/api_controller.rb:5)
  Rendered text template (0.0ms)
Completed 200 OK in 3ms (Views: 2.5ms | ActiveRecord: 0.0ms)


Started GET "/api" for ::1 at 2016-04-10 22:09:22 -0300
Processing by ApiController#index as HTML
DEPRECATION WARNING: `:nothing` option is deprecated and will be removed in Rails 5.1. Use `head` method to respond with empty response body. (called from index at /Users/itsbriany/Documents/School/Cloud Computing/Assignment 6/SimpleResponseCycleWebService/LoadBalancing/app/controllers/api_controller.rb:5)
  Rendered text template (0.0ms)
Completed 200 OK in 0ms (Views: 0.3ms | ActiveRecord: 0.0ms)


Started GET "/api" for ::1 at 2016-04-10 22:10:27 -0300
Processing by ApiController#index as HTML
DEPRECATION WARNING: `:nothing` option is deprecated and will be removed in Rails 5.1. Use `head` method to respond with empty response body. (called from index at /Users/itsbriany/Documents/School/Cloud Computing/Assignment 6/SimpleResponseCycleWebService/LoadBalancing/app/controllers/api_controller.rb:5)
  Rendered text template (0.0ms)
Completed 500 Internal Server Error in 2ms (Views: 1.4ms | ActiveRecord: 0.0ms)


  
AbstractController::DoubleRenderError (Render and/or redirect were called multiple times in this action. Please note that you may only call render OR redirect, and at most once per action. Also note that neither redirect nor render terminate execution of the action, so if you want to exit an action after redirecting, you need to do something like "redirect_to(...) and return".):
  
app/controllers/api_controller.rb:6:in `index'
Started GET "/api" for ::1 at 2016-04-10 22:10:45 -0300
Processing by ApiController#index as HTML
  Rendered html template (0.1ms)
Completed 500 Internal Server Error in 6ms (Views: 5.9ms | ActiveRecord: 0.0ms)


  
AbstractController::DoubleRenderError (Render and/or redirect were called multiple times in this action. Please note that you may only call render OR redirect, and at most once per action. Also note that neither redirect nor render terminate execution of the action, so if you want to exit an action after redirecting, you need to do something like "redirect_to(...) and return".):
  
app/controllers/api_controller.rb:6:in `index'
Started GET "/api" for ::1 at 2016-04-10 22:10:46 -0300
Processing by ApiController#index as HTML
  Rendered html template (0.0ms)
Completed 500 Internal Server Error in 1ms (Views: 0.6ms | ActiveRecord: 0.0ms)


  
AbstractController::DoubleRenderError (Render and/or redirect were called multiple times in this action. Please note that you may only call render OR redirect, and at most once per action. Also note that neither redirect nor render terminate execution of the action, so if you want to exit an action after redirecting, you need to do something like "redirect_to(...) and return".):
  
app/controllers/api_controller.rb:6:in `index'
Started POST "/api/login" for ::1 at 2016-04-10 22:11:06 -0300
  
ActionController::RoutingError (No route matches [POST] "/api/login"):
  
actionpack (5.0.0.beta3) lib/action_dispatch/middleware/debug_exceptions.rb:53:in `call'
actionpack (5.0.0.beta3) lib/action_dispatch/middleware/show_exceptions.rb:31:in `call'
railties (5.0.0.beta3) lib/rails/rack/logger.rb:36:in `call_app'
railties (5.0.0.beta3) lib/rails/rack/logger.rb:24:in `block in call'
activesupport (5.0.0.beta3) lib/active_support/tagged_logging.rb:70:in `block in tagged'
activesupport (5.0.0.beta3) lib/active_support/tagged_logging.rb:26:in `tagged'
activesupport (5.0.0.beta3) lib/active_support/tagged_logging.rb:70:in `tagged'
railties (5.0.0.beta3) lib/rails/rack/logger.rb:24:in `call'
actionpack (5.0.0.beta3) lib/action_dispatch/middleware/request_id.rb:24:in `call'
rack (2.0.0.alpha) lib/rack/runtime.rb:22:in `call'
activesupport (5.0.0.beta3) lib/active_support/cache/strategy/local_cache_middleware.rb:28:in `call'
actionpack (5.0.0.beta3) lib/action_dispatch/middleware/load_interlock.rb:13:in `call'
actionpack (5.0.0.beta3) lib/action_dispatch/middleware/static.rb:136:in `call'
rack (2.0.0.alpha) lib/rack/sendfile.rb:111:in `call'
railties (5.0.0.beta3) lib/rails/engine.rb:522:in `call'
puma (3.4.0) lib/puma/configuration.rb:224:in `call'
puma (3.4.0) lib/puma/server.rb:569:in `handle_request'
puma (3.4.0) lib/puma/server.rb:406:in `process_client'
puma (3.4.0) lib/puma/server.rb:271:in `block in run'
puma (3.4.0) lib/puma/thread_pool.rb:114:in `block in spawn_thread'
Started GET "/api" for ::1 at 2016-04-10 22:11:24 -0300
Processing by ApiController#index as */*
  Parameters: {"api"=>{}}
Completed 500 Internal Server Error in 1ms (ActiveRecord: 0.0ms)


  
ActionView::MissingTemplate (Missing template api/index, application/index with {:locale=>[:en], :formats=>[:html, :text, :js, :css, :ics, :csv, :vcf, :png, :jpeg, :gif, :bmp, :tiff, :svg, :mpeg, :xml, :rss, :atom, :yaml, :multipart_form, :url_encoded_form, :json, :pdf, :zip, :gzip], :variants=>[], :handlers=>[:raw, :erb, :html, :builder, :ruby, :jbuilder]}. Searched in:
):
  
app/controllers/api_controller.rb:5:in `index'
